81
1113.5208275318146
83
1009.1402204036713
78
1190.7196974754333
80
1143.8525831699371
76
1216.2554905414581
75
1326.8333716392517
77
1250.8694169521332
82
1235.7303676605225
79
1326.9087672233582
90
1124.1350810527802
84
1456.9473569393158
88
1316.7766122817993
87
1438.373417377472
93
1041.8242015838623
89
1354.497262954712
91
1322.244359254837
95
1132.3995532989502
94
1173.259395122528
92
1259.5985567569733
100
1147.0934648513794
98
1174.0067434310913
97
1189.116072177887
99
1296.9387469291687
